[2020-01-08 09:51:37] local.ERROR: PDOException: SQLSTATE[HY000] [2002] Nenhuma conexão pôde ser feita porque a máquina de destino as recusou ativamente.
 in C:\xampp\htdocs\ProvaCBM\vendor\illuminate\database\Connectors\Connector.php:70
Stack trace:
#0 C:\xampp\htdocs\ProvaCBM\vendor\illuminate\database\Connectors\Connector.php(70): PDO->__construct()
#1 C:\xampp\htdocs\ProvaCBM\vendor\illuminate\database\Connectors\Connector.php(46): Illuminate\Database\Connectors\Connector->createPdoConnection()
#2 C:\xampp\htdocs\ProvaCBM\vendor\illuminate\database\Connectors\MySqlConnector.php(24): Illuminate\Database\Connectors\Connector->createConnection()
#3 C:\xampp\htdocs\ProvaCBM\vendor\illuminate\database\Connectors\ConnectionFactory.php(182): Illuminate\Database\Connectors\MySqlConnector->connect()
#4 [internal function]: Illuminate\Database\Connectors\ConnectionFactory->Illuminate\Database\Connectors\{closure}()
#5 C:\xampp\htdocs\ProvaCBM\vendor\illuminate\database\Connection.php(924): call_user_func()
#6 C:\xampp\htdocs\ProvaCBM\vendor\illuminate\database\Connection.php(949): Illuminate\Database\Connection->getPdo()
#7 C:\xampp\htdocs\ProvaCBM\vendor\illuminate\database\Connection.php(404): Illuminate\Database\Connection->getReadPdo()
#8 C:\xampp\htdocs\ProvaCBM\vendor\illuminate\database\Connection.php(330): Illuminate\Database\Connection->getPdoForSelect()
#9 C:\xampp\htdocs\ProvaCBM\vendor\illuminate\database\Connection.php(662): Illuminate\Database\Connection->Illuminate\Database\{closure}()
#10 C:\xampp\htdocs\ProvaCBM\vendor\illuminate\database\Connection.php(629): Illuminate\Database\Connection->runQueryCallback()
#11 C:\xampp\htdocs\ProvaCBM\vendor\illuminate\database\Connection.php(338): Illuminate\Database\Connection->run()
#12 C:\xampp\htdocs\ProvaCBM\vendor\illuminate\database\Query\Builder.php(2130): Illuminate\Database\Connection->select()
#13 C:\xampp\htdocs\ProvaCBM\vendor\illuminate\database\Query\Builder.php(2118): Illuminate\Database\Query\Builder->runSelect()
#14 C:\xampp\htdocs\ProvaCBM\vendor\illuminate\database\Query\Builder.php(2584): Illuminate\Database\Query\Builder->Illuminate\Database\Query\{closure}()
#15 C:\xampp\htdocs\ProvaCBM\vendor\illuminate\database\Query\Builder.php(2119): Illuminate\Database\Query\Builder->onceWithColumns()
#16 C:\xampp\htdocs\ProvaCBM\vendor\illuminate\database\Eloquent\Builder.php(521): Illuminate\Database\Query\Builder->get()
#17 C:\xampp\htdocs\ProvaCBM\vendor\illuminate\database\Eloquent\Builder.php(505): Illuminate\Database\Eloquent\Builder->getModels()
#18 C:\xampp\htdocs\ProvaCBM\app\Http\Controllers\CepController.php(45): Illuminate\Database\Eloquent\Builder->get()
#19 [internal function]: App\Http\Controllers\CepController->getCep()
#20 C:\xampp\htdocs\ProvaCBM\vendor\illuminate\container\BoundMethod.php(32): call_user_func_array()
#21 C:\xampp\htdocs\ProvaCBM\vendor\illuminate\container\Util.php(36): Illuminate\Container\BoundMethod::Illuminate\Container\{closure}()
#22 C:\xampp\htdocs\ProvaCBM\vendor\illuminate\container\BoundMethod.php(90): Illuminate\Container\Util::unwrapIfClosure()
#23 C:\xampp\htdocs\ProvaCBM\vendor\illuminate\container\BoundMethod.php(34): Illuminate\Container\BoundMethod::callBoundMethod()
#24 C:\xampp\htdocs\ProvaCBM\vendor\illuminate\container\Container.php(590): Illuminate\Container\BoundMethod::call()
#25 C:\xampp\htdocs\ProvaCBM\vendor\laravel\lumen-framework\src\Concerns\RoutesRequests.php(376): Illuminate\Container\Container->call()
#26 C:\xampp\htdocs\ProvaCBM\vendor\laravel\lumen-framework\src\Concerns\RoutesRequests.php(342): Laravel\Lumen\Application->callControllerCallable()
#27 C:\xampp\htdocs\ProvaCBM\vendor\laravel\lumen-framework\src\Concerns\RoutesRequests.php(316): Laravel\Lumen\Application->callLumenController()
#28 C:\xampp\htdocs\ProvaCBM\vendor\laravel\lumen-framework\src\Concerns\RoutesRequests.php(278): Laravel\Lumen\Application->callControllerAction()
#29 C:\xampp\htdocs\ProvaCBM\vendor\laravel\lumen-framework\src\Concerns\RoutesRequests.php(263): Laravel\Lumen\Application->callActionOnArrayBasedRoute()
#30 C:\xampp\htdocs\ProvaCBM\vendor\laravel\lumen-framework\src\Concerns\RoutesRequests.php(233): Laravel\Lumen\Application->handleFoundRoute()
#31 C:\xampp\htdocs\ProvaCBM\vendor\laravel\lumen-framework\src\Concerns\RoutesRequests.php(169): Laravel\Lumen\Application->handleDispatcherResponse()
#32 C:\xampp\htdocs\ProvaCBM\vendor\laravel\lumen-framework\src\Concerns\RoutesRequests.php(416): Laravel\Lumen\Application->Laravel\Lumen\Concerns\{closure}()
#33 C:\xampp\htdocs\ProvaCBM\vendor\laravel\lumen-framework\src\Concerns\RoutesRequests.php(171): Laravel\Lumen\Application->sendThroughPipeline()
#34 C:\xampp\htdocs\ProvaCBM\vendor\laravel\lumen-framework\src\Concerns\RoutesRequests.php(108): Laravel\Lumen\Application->dispatch()
#35 C:\xampp\htdocs\ProvaCBM\public\index.php(28): Laravel\Lumen\Application->run()
#36 {main}

Next Illuminate\Database\QueryException: SQLSTATE[HY000] [2002] Nenhuma conexão pôde ser feita porque a máquina de destino as recusou ativamente.
 (SQL: select * from `enderecos` where `CEP` = 04236094) in C:\xampp\htdocs\ProvaCBM\vendor\illuminate\database\Connection.php:669
Stack trace:
#0 C:\xampp\htdocs\ProvaCBM\vendor\illuminate\database\Connection.php(629): Illuminate\Database\Connection->runQueryCallback()
#1 C:\xampp\htdocs\ProvaCBM\vendor\illuminate\database\Connection.php(338): Illuminate\Database\Connection->run()
#2 C:\xampp\htdocs\ProvaCBM\vendor\illuminate\database\Query\Builder.php(2130): Illuminate\Database\Connection->select()
#3 C:\xampp\htdocs\ProvaCBM\vendor\illuminate\database\Query\Builder.php(2118): Illuminate\Database\Query\Builder->runSelect()
#4 C:\xampp\htdocs\ProvaCBM\vendor\illuminate\database\Query\Builder.php(2584): Illuminate\Database\Query\Builder->Illuminate\Database\Query\{closure}()
#5 C:\xampp\htdocs\ProvaCBM\vendor\illuminate\database\Query\Builder.php(2119): Illuminate\Database\Query\Builder->onceWithColumns()
#6 C:\xampp\htdocs\ProvaCBM\vendor\illuminate\database\Eloquent\Builder.php(521): Illuminate\Database\Query\Builder->get()
#7 C:\xampp\htdocs\ProvaCBM\vendor\illuminate\database\Eloquent\Builder.php(505): Illuminate\Database\Eloquent\Builder->getModels()
#8 C:\xampp\htdocs\ProvaCBM\app\Http\Controllers\CepController.php(45): Illuminate\Database\Eloquent\Builder->get()
#9 [internal function]: App\Http\Controllers\CepController->getCep()
#10 C:\xampp\htdocs\ProvaCBM\vendor\illuminate\container\BoundMethod.php(32): call_user_func_array()
#11 C:\xampp\htdocs\ProvaCBM\vendor\illuminate\container\Util.php(36): Illuminate\Container\BoundMethod::Illuminate\Container\{closure}()
#12 C:\xampp\htdocs\ProvaCBM\vendor\illuminate\container\BoundMethod.php(90): Illuminate\Container\Util::unwrapIfClosure()
#13 C:\xampp\htdocs\ProvaCBM\vendor\illuminate\container\BoundMethod.php(34): Illuminate\Container\BoundMethod::callBoundMethod()
#14 C:\xampp\htdocs\ProvaCBM\vendor\illuminate\container\Container.php(590): Illuminate\Container\BoundMethod::call()
#15 C:\xampp\htdocs\ProvaCBM\vendor\laravel\lumen-framework\src\Concerns\RoutesRequests.php(376): Illuminate\Container\Container->call()
#16 C:\xampp\htdocs\ProvaCBM\vendor\laravel\lumen-framework\src\Concerns\RoutesRequests.php(342): Laravel\Lumen\Application->callControllerCallable()
#17 C:\xampp\htdocs\ProvaCBM\vendor\laravel\lumen-framework\src\Concerns\RoutesRequests.php(316): Laravel\Lumen\Application->callLumenController()
#18 C:\xampp\htdocs\ProvaCBM\vendor\laravel\lumen-framework\src\Concerns\RoutesRequests.php(278): Laravel\Lumen\Application->callControllerAction()
#19 C:\xampp\htdocs\ProvaCBM\vendor\laravel\lumen-framework\src\Concerns\RoutesRequests.php(263): Laravel\Lumen\Application->callActionOnArrayBasedRoute()
#20 C:\xampp\htdocs\ProvaCBM\vendor\laravel\lumen-framework\src\Concerns\RoutesRequests.php(233): Laravel\Lumen\Application->handleFoundRoute()
#21 C:\xampp\htdocs\ProvaCBM\vendor\laravel\lumen-framework\src\Concerns\RoutesRequests.php(169): Laravel\Lumen\Application->handleDispatcherResponse()
#22 C:\xampp\htdocs\ProvaCBM\vendor\laravel\lumen-framework\src\Concerns\RoutesRequests.php(416): Laravel\Lumen\Application->Laravel\Lumen\Concerns\{closure}()
#23 C:\xampp\htdocs\ProvaCBM\vendor\laravel\lumen-framework\src\Concerns\RoutesRequests.php(171): Laravel\Lumen\Application->sendThroughPipeline()
#24 C:\xampp\htdocs\ProvaCBM\vendor\laravel\lumen-framework\src\Concerns\RoutesRequests.php(108): Laravel\Lumen\Application->dispatch()
#25 C:\xampp\htdocs\ProvaCBM\public\index.php(28): Laravel\Lumen\Application->run()
#26 {main} {"exception":"[object] (Illuminate\\Database\\QueryException(code: 2002): SQLSTATE[HY000] [2002] Nenhuma conexão pôde ser feita porque a máquina de destino as recusou ativamente.
 (SQL: select * from `enderecos` where `CEP` = 04236094) at C:\\xampp\\htdocs\\ProvaCBM\\vendor\\illuminate\\database\\Connection.php:669)
[stacktrace]
#0 C:\\xampp\\htdocs\\ProvaCBM\\vendor\\illuminate\\database\\Connection.php(629): Illuminate\\Database\\Connection->runQueryCallback()
#1 C:\\xampp\\htdocs\\ProvaCBM\\vendor\\illuminate\\database\\Connection.php(338): Illuminate\\Database\\Connection->run()
#2 C:\\xampp\\htdocs\\ProvaCBM\\vendor\\illuminate\\database\\Query\\Builder.php(2130): Illuminate\\Database\\Connection->select()
#3 C:\\xampp\\htdocs\\ProvaCBM\\vendor\\illuminate\\database\\Query\\Builder.php(2118): Illuminate\\Database\\Query\\Builder->runSelect()
#4 C:\\xampp\\htdocs\\ProvaCBM\\vendor\\illuminate\\database\\Query\\Builder.php(2584): Illuminate\\Database\\Query\\Builder->Illuminate\\Database\\Query\\{closure}()
#5 C:\\xampp\\htdocs\\ProvaCBM\\vendor\\illuminate\\database\\Query\\Builder.php(2119): Illuminate\\Database\\Query\\Builder->onceWithColumns()
#6 C:\\xampp\\htdocs\\ProvaCBM\\vendor\\illuminate\\database\\Eloquent\\Builder.php(521): Illuminate\\Database\\Query\\Builder->get()
#7 C:\\xampp\\htdocs\\ProvaCBM\\vendor\\illuminate\\database\\Eloquent\\Builder.php(505): Illuminate\\Database\\Eloquent\\Builder->getModels()
#8 C:\\xampp\\htdocs\\ProvaCBM\\app\\Http\\Controllers\\CepController.php(45): Illuminate\\Database\\Eloquent\\Builder->get()
#9 [internal function]: App\\Http\\Controllers\\CepController->getCep()
#10 C:\\xampp\\htdocs\\ProvaCBM\\vendor\\illuminate\\container\\BoundMethod.php(32): call_user_func_array()
#11 C:\\xampp\\htdocs\\ProvaCBM\\vendor\\illuminate\\container\\Util.php(36): Illuminate\\Container\\BoundMethod::Illuminate\\Container\\{closure}()
#12 C:\\xampp\\htdocs\\ProvaCBM\\vendor\\illuminate\\container\\BoundMethod.php(90): Illuminate\\Container\\Util::unwrapIfClosure()
#13 C:\\xampp\\htdocs\\ProvaCBM\\vendor\\illuminate\\container\\BoundMethod.php(34): Illuminate\\Container\\BoundMethod::callBoundMethod()
#14 C:\\xampp\\htdocs\\ProvaCBM\\vendor\\illuminate\\container\\Container.php(590): Illuminate\\Container\\BoundMethod::call()
#15 C:\\xampp\\htdocs\\ProvaCBM\\vendor\\laravel\\lumen-framework\\src\\Concerns\\RoutesRequests.php(376): Illuminate\\Container\\Container->call()
#16 C:\\xampp\\htdocs\\ProvaCBM\\vendor\\laravel\\lumen-framework\\src\\Concerns\\RoutesRequests.php(342): Laravel\\Lumen\\Application->callControllerCallable()
#17 C:\\xampp\\htdocs\\ProvaCBM\\vendor\\laravel\\lumen-framework\\src\\Concerns\\RoutesRequests.php(316): Laravel\\Lumen\\Application->callLumenController()
#18 C:\\xampp\\htdocs\\ProvaCBM\\vendor\\laravel\\lumen-framework\\src\\Concerns\\RoutesRequests.php(278): Laravel\\Lumen\\Application->callControllerAction()
#19 C:\\xampp\\htdocs\\ProvaCBM\\vendor\\laravel\\lumen-framework\\src\\Concerns\\RoutesRequests.php(263): Laravel\\Lumen\\Application->callActionOnArrayBasedRoute()
#20 C:\\xampp\\htdocs\\ProvaCBM\\vendor\\laravel\\lumen-framework\\src\\Concerns\\RoutesRequests.php(233): Laravel\\Lumen\\Application->handleFoundRoute()
#21 C:\\xampp\\htdocs\\ProvaCBM\\vendor\\laravel\\lumen-framework\\src\\Concerns\\RoutesRequests.php(169): Laravel\\Lumen\\Application->handleDispatcherResponse()
#22 C:\\xampp\\htdocs\\ProvaCBM\\vendor\\laravel\\lumen-framework\\src\\Concerns\\RoutesRequests.php(416): Laravel\\Lumen\\Application->Laravel\\Lumen\\Concerns\\{closure}()
#23 C:\\xampp\\htdocs\\ProvaCBM\\vendor\\laravel\\lumen-framework\\src\\Concerns\\RoutesRequests.php(171): Laravel\\Lumen\\Application->sendThroughPipeline()
#24 C:\\xampp\\htdocs\\ProvaCBM\\vendor\\laravel\\lumen-framework\\src\\Concerns\\RoutesRequests.php(108): Laravel\\Lumen\\Application->dispatch()
#25 C:\\xampp\\htdocs\\ProvaCBM\\public\\index.php(28): Laravel\\Lumen\\Application->run()
#26 {main}

[previous exception] [object] (PDOException(code: 2002): SQLSTATE[HY000] [2002] Nenhuma conexão pôde ser feita porque a máquina de destino as recusou ativamente.
 at C:\\xampp\\htdocs\\ProvaCBM\\vendor\\illuminate\\database\\Connectors\\Connector.php:70)
[stacktrace]
#0 C:\\xampp\\htdocs\\ProvaCBM\\vendor\\illuminate\\database\\Connectors\\Connector.php(70): PDO->__construct()
#1 C:\\xampp\\htdocs\\ProvaCBM\\vendor\\illuminate\\database\\Connectors\\Connector.php(46): Illuminate\\Database\\Connectors\\Connector->createPdoConnection()
#2 C:\\xampp\\htdocs\\ProvaCBM\\vendor\\illuminate\\database\\Connectors\\MySqlConnector.php(24): Illuminate\\Database\\Connectors\\Connector->createConnection()
#3 C:\\xampp\\htdocs\\ProvaCBM\\vendor\\illuminate\\database\\Connectors\\ConnectionFactory.php(182): Illuminate\\Database\\Connectors\\MySqlConnector->connect()
#4 [internal function]: Illuminate\\Database\\Connectors\\ConnectionFactory->Illuminate\\Database\\Connectors\\{closure}()
#5 C:\\xampp\\htdocs\\ProvaCBM\\vendor\\illuminate\\database\\Connection.php(924): call_user_func()
#6 C:\\xampp\\htdocs\\ProvaCBM\\vendor\\illuminate\\database\\Connection.php(949): Illuminate\\Database\\Connection->getPdo()
#7 C:\\xampp\\htdocs\\ProvaCBM\\vendor\\illuminate\\database\\Connection.php(404): Illuminate\\Database\\Connection->getReadPdo()
#8 C:\\xampp\\htdocs\\ProvaCBM\\vendor\\illuminate\\database\\Connection.php(330): Illuminate\\Database\\Connection->getPdoForSelect()
#9 C:\\xampp\\htdocs\\ProvaCBM\\vendor\\illuminate\\database\\Connection.php(662): Illuminate\\Database\\Connection->Illuminate\\Database\\{closure}()
#10 C:\\xampp\\htdocs\\ProvaCBM\\vendor\\illuminate\\database\\Connection.php(629): Illuminate\\Database\\Connection->runQueryCallback()
#11 C:\\xampp\\htdocs\\ProvaCBM\\vendor\\illuminate\\database\\Connection.php(338): Illuminate\\Database\\Connection->run()
#12 C:\\xampp\\htdocs\\ProvaCBM\\vendor\\illuminate\\database\\Query\\Builder.php(2130): Illuminate\\Database\\Connection->select()
#13 C:\\xampp\\htdocs\\ProvaCBM\\vendor\\illuminate\\database\\Query\\Builder.php(2118): Illuminate\\Database\\Query\\Builder->runSelect()
#14 C:\\xampp\\htdocs\\ProvaCBM\\vendor\\illuminate\\database\\Query\\Builder.php(2584): Illuminate\\Database\\Query\\Builder->Illuminate\\Database\\Query\\{closure}()
#15 C:\\xampp\\htdocs\\ProvaCBM\\vendor\\illuminate\\database\\Query\\Builder.php(2119): Illuminate\\Database\\Query\\Builder->onceWithColumns()
#16 C:\\xampp\\htdocs\\ProvaCBM\\vendor\\illuminate\\database\\Eloquent\\Builder.php(521): Illuminate\\Database\\Query\\Builder->get()
#17 C:\\xampp\\htdocs\\ProvaCBM\\vendor\\illuminate\\database\\Eloquent\\Builder.php(505): Illuminate\\Database\\Eloquent\\Builder->getModels()
#18 C:\\xampp\\htdocs\\ProvaCBM\\app\\Http\\Controllers\\CepController.php(45): Illuminate\\Database\\Eloquent\\Builder->get()
#19 [internal function]: App\\Http\\Controllers\\CepController->getCep()
#20 C:\\xampp\\htdocs\\ProvaCBM\\vendor\\illuminate\\container\\BoundMethod.php(32): call_user_func_array()
#21 C:\\xampp\\htdocs\\ProvaCBM\\vendor\\illuminate\\container\\Util.php(36): Illuminate\\Container\\BoundMethod::Illuminate\\Container\\{closure}()
#22 C:\\xampp\\htdocs\\ProvaCBM\\vendor\\illuminate\\container\\BoundMethod.php(90): Illuminate\\Container\\Util::unwrapIfClosure()
#23 C:\\xampp\\htdocs\\ProvaCBM\\vendor\\illuminate\\container\\BoundMethod.php(34): Illuminate\\Container\\BoundMethod::callBoundMethod()
#24 C:\\xampp\\htdocs\\ProvaCBM\\vendor\\illuminate\\container\\Container.php(590): Illuminate\\Container\\BoundMethod::call()
#25 C:\\xampp\\htdocs\\ProvaCBM\\vendor\\laravel\\lumen-framework\\src\\Concerns\\RoutesRequests.php(376): Illuminate\\Container\\Container->call()
#26 C:\\xampp\\htdocs\\ProvaCBM\\vendor\\laravel\\lumen-framework\\src\\Concerns\\RoutesRequests.php(342): Laravel\\Lumen\\Application->callControllerCallable()
#27 C:\\xampp\\htdocs\\ProvaCBM\\vendor\\laravel\\lumen-framework\\src\\Concerns\\RoutesRequests.php(316): Laravel\\Lumen\\Application->callLumenController()
#28 C:\\xampp\\htdocs\\ProvaCBM\\vendor\\laravel\\lumen-framework\\src\\Concerns\\RoutesRequests.php(278): Laravel\\Lumen\\Application->callControllerAction()
#29 C:\\xampp\\htdocs\\ProvaCBM\\vendor\\laravel\\lumen-framework\\src\\Concerns\\RoutesRequests.php(263): Laravel\\Lumen\\Application->callActionOnArrayBasedRoute()
#30 C:\\xampp\\htdocs\\ProvaCBM\\vendor\\laravel\\lumen-framework\\src\\Concerns\\RoutesRequests.php(233): Laravel\\Lumen\\Application->handleFoundRoute()
#31 C:\\xampp\\htdocs\\ProvaCBM\\vendor\\laravel\\lumen-framework\\src\\Concerns\\RoutesRequests.php(169): Laravel\\Lumen\\Application->handleDispatcherResponse()
#32 C:\\xampp\\htdocs\\ProvaCBM\\vendor\\laravel\\lumen-framework\\src\\Concerns\\RoutesRequests.php(416): Laravel\\Lumen\\Application->Laravel\\Lumen\\Concerns\\{closure}()
#33 C:\\xampp\\htdocs\\ProvaCBM\\vendor\\laravel\\lumen-framework\\src\\Concerns\\RoutesRequests.php(171): Laravel\\Lumen\\Application->sendThroughPipeline()
#34 C:\\xampp\\htdocs\\ProvaCBM\\vendor\\laravel\\lumen-framework\\src\\Concerns\\RoutesRequests.php(108): Laravel\\Lumen\\Application->dispatch()
#35 C:\\xampp\\htdocs\\ProvaCBM\\public\\index.php(28): Laravel\\Lumen\\Application->run()
#36 {main}
"} 
[2020-01-08 09:52:15] local.ERROR: Symfony\Component\Debug\Exception\FatalThrowableError: Call to a member function count() on null in C:\xampp\htdocs\ProvaCBM\app\Http\Controllers\CepController.php:48
Stack trace:
#0 [internal function]: App\Http\Controllers\CepController->getCep()
#1 C:\xampp\htdocs\ProvaCBM\vendor\illuminate\container\BoundMethod.php(32): call_user_func_array()
#2 C:\xampp\htdocs\ProvaCBM\vendor\illuminate\container\Util.php(36): Illuminate\Container\BoundMethod::Illuminate\Container\{closure}()
#3 C:\xampp\htdocs\ProvaCBM\vendor\illuminate\container\BoundMethod.php(90): Illuminate\Container\Util::unwrapIfClosure()
#4 C:\xampp\htdocs\ProvaCBM\vendor\illuminate\container\BoundMethod.php(34): Illuminate\Container\BoundMethod::callBoundMethod()
#5 C:\xampp\htdocs\ProvaCBM\vendor\illuminate\container\Container.php(590): Illuminate\Container\BoundMethod::call()
#6 C:\xampp\htdocs\ProvaCBM\vendor\laravel\lumen-framework\src\Concerns\RoutesRequests.php(376): Illuminate\Container\Container->call()
#7 C:\xampp\htdocs\ProvaCBM\vendor\laravel\lumen-framework\src\Concerns\RoutesRequests.php(342): Laravel\Lumen\Application->callControllerCallable()
#8 C:\xampp\htdocs\ProvaCBM\vendor\laravel\lumen-framework\src\Concerns\RoutesRequests.php(316): Laravel\Lumen\Application->callLumenController()
#9 C:\xampp\htdocs\ProvaCBM\vendor\laravel\lumen-framework\src\Concerns\RoutesRequests.php(278): Laravel\Lumen\Application->callControllerAction()
#10 C:\xampp\htdocs\ProvaCBM\vendor\laravel\lumen-framework\src\Concerns\RoutesRequests.php(263): Laravel\Lumen\Application->callActionOnArrayBasedRoute()
#11 C:\xampp\htdocs\ProvaCBM\vendor\laravel\lumen-framework\src\Concerns\RoutesRequests.php(233): Laravel\Lumen\Application->handleFoundRoute()
#12 C:\xampp\htdocs\ProvaCBM\vendor\laravel\lumen-framework\src\Concerns\RoutesRequests.php(169): Laravel\Lumen\Application->handleDispatcherResponse()
#13 C:\xampp\htdocs\ProvaCBM\vendor\laravel\lumen-framework\src\Concerns\RoutesRequests.php(416): Laravel\Lumen\Application->Laravel\Lumen\Concerns\{closure}()
#14 C:\xampp\htdocs\ProvaCBM\vendor\laravel\lumen-framework\src\Concerns\RoutesRequests.php(171): Laravel\Lumen\Application->sendThroughPipeline()
#15 C:\xampp\htdocs\ProvaCBM\vendor\laravel\lumen-framework\src\Concerns\RoutesRequests.php(108): Laravel\Lumen\Application->dispatch()
#16 C:\xampp\htdocs\ProvaCBM\public\index.php(28): Laravel\Lumen\Application->run()
#17 {main} {"exception":"[object] (Symfony\\Component\\Debug\\Exception\\FatalThrowableError(code: 0): Call to a member function count() on null at C:\\xampp\\htdocs\\ProvaCBM\\app\\Http\\Controllers\\CepController.php:48)
[stacktrace]
#0 [internal function]: App\\Http\\Controllers\\CepController->getCep()
#1 C:\\xampp\\htdocs\\ProvaCBM\\vendor\\illuminate\\container\\BoundMethod.php(32): call_user_func_array()
#2 C:\\xampp\\htdocs\\ProvaCBM\\vendor\\illuminate\\container\\Util.php(36): Illuminate\\Container\\BoundMethod::Illuminate\\Container\\{closure}()
#3 C:\\xampp\\htdocs\\ProvaCBM\\vendor\\illuminate\\container\\BoundMethod.php(90): Illuminate\\Container\\Util::unwrapIfClosure()
#4 C:\\xampp\\htdocs\\ProvaCBM\\vendor\\illuminate\\container\\BoundMethod.php(34): Illuminate\\Container\\BoundMethod::callBoundMethod()
#5 C:\\xampp\\htdocs\\ProvaCBM\\vendor\\illuminate\\container\\Container.php(590): Illuminate\\Container\\BoundMethod::call()
#6 C:\\xampp\\htdocs\\ProvaCBM\\vendor\\laravel\\lumen-framework\\src\\Concerns\\RoutesRequests.php(376): Illuminate\\Container\\Container->call()
#7 C:\\xampp\\htdocs\\ProvaCBM\\vendor\\laravel\\lumen-framework\\src\\Concerns\\RoutesRequests.php(342): Laravel\\Lumen\\Application->callControllerCallable()
#8 C:\\xampp\\htdocs\\ProvaCBM\\vendor\\laravel\\lumen-framework\\src\\Concerns\\RoutesRequests.php(316): Laravel\\Lumen\\Application->callLumenController()
#9 C:\\xampp\\htdocs\\ProvaCBM\\vendor\\laravel\\lumen-framework\\src\\Concerns\\RoutesRequests.php(278): Laravel\\Lumen\\Application->callControllerAction()
#10 C:\\xampp\\htdocs\\ProvaCBM\\vendor\\laravel\\lumen-framework\\src\\Concerns\\RoutesRequests.php(263): Laravel\\Lumen\\Application->callActionOnArrayBasedRoute()
#11 C:\\xampp\\htdocs\\ProvaCBM\\vendor\\laravel\\lumen-framework\\src\\Concerns\\RoutesRequests.php(233): Laravel\\Lumen\\Application->handleFoundRoute()
#12 C:\\xampp\\htdocs\\ProvaCBM\\vendor\\laravel\\lumen-framework\\src\\Concerns\\RoutesRequests.php(169): Laravel\\Lumen\\Application->handleDispatcherResponse()
#13 C:\\xampp\\htdocs\\ProvaCBM\\vendor\\laravel\\lumen-framework\\src\\Concerns\\RoutesRequests.php(416): Laravel\\Lumen\\Application->Laravel\\Lumen\\Concerns\\{closure}()
#14 C:\\xampp\\htdocs\\ProvaCBM\\vendor\\laravel\\lumen-framework\\src\\Concerns\\RoutesRequests.php(171): Laravel\\Lumen\\Application->sendThroughPipeline()
#15 C:\\xampp\\htdocs\\ProvaCBM\\vendor\\laravel\\lumen-framework\\src\\Concerns\\RoutesRequests.php(108): Laravel\\Lumen\\Application->dispatch()
#16 C:\\xampp\\htdocs\\ProvaCBM\\public\\index.php(28): Laravel\\Lumen\\Application->run()
#17 {main}
"} 
[2020-01-08 09:57:20] local.ERROR: Symfony\Component\Debug\Exception\FatalThrowableError: Call to a member function count() on null in C:\xampp\htdocs\ProvaCBM\app\Http\Controllers\CepController.php:49
Stack trace:
#0 [internal function]: App\Http\Controllers\CepController->getCep()
#1 C:\xampp\htdocs\ProvaCBM\vendor\illuminate\container\BoundMethod.php(32): call_user_func_array()
#2 C:\xampp\htdocs\ProvaCBM\vendor\illuminate\container\Util.php(36): Illuminate\Container\BoundMethod::Illuminate\Container\{closure}()
#3 C:\xampp\htdocs\ProvaCBM\vendor\illuminate\container\BoundMethod.php(90): Illuminate\Container\Util::unwrapIfClosure()
#4 C:\xampp\htdocs\ProvaCBM\vendor\illuminate\container\BoundMethod.php(34): Illuminate\Container\BoundMethod::callBoundMethod()
#5 C:\xampp\htdocs\ProvaCBM\vendor\illuminate\container\Container.php(590): Illuminate\Container\BoundMethod::call()
#6 C:\xampp\htdocs\ProvaCBM\vendor\laravel\lumen-framework\src\Concerns\RoutesRequests.php(376): Illuminate\Container\Container->call()
#7 C:\xampp\htdocs\ProvaCBM\vendor\laravel\lumen-framework\src\Concerns\RoutesRequests.php(342): Laravel\Lumen\Application->callControllerCallable()
#8 C:\xampp\htdocs\ProvaCBM\vendor\laravel\lumen-framework\src\Concerns\RoutesRequests.php(316): Laravel\Lumen\Application->callLumenController()
#9 C:\xampp\htdocs\ProvaCBM\vendor\laravel\lumen-framework\src\Concerns\RoutesRequests.php(278): Laravel\Lumen\Application->callControllerAction()
#10 C:\xampp\htdocs\ProvaCBM\vendor\laravel\lumen-framework\src\Concerns\RoutesRequests.php(263): Laravel\Lumen\Application->callActionOnArrayBasedRoute()
#11 C:\xampp\htdocs\ProvaCBM\vendor\laravel\lumen-framework\src\Concerns\RoutesRequests.php(233): Laravel\Lumen\Application->handleFoundRoute()
#12 C:\xampp\htdocs\ProvaCBM\vendor\laravel\lumen-framework\src\Concerns\RoutesRequests.php(169): Laravel\Lumen\Application->handleDispatcherResponse()
#13 C:\xampp\htdocs\ProvaCBM\vendor\laravel\lumen-framework\src\Concerns\RoutesRequests.php(416): Laravel\Lumen\Application->Laravel\Lumen\Concerns\{closure}()
#14 C:\xampp\htdocs\ProvaCBM\vendor\laravel\lumen-framework\src\Concerns\RoutesRequests.php(171): Laravel\Lumen\Application->sendThroughPipeline()
#15 C:\xampp\htdocs\ProvaCBM\vendor\laravel\lumen-framework\src\Concerns\RoutesRequests.php(108): Laravel\Lumen\Application->dispatch()
#16 C:\xampp\htdocs\ProvaCBM\public\index.php(28): Laravel\Lumen\Application->run()
#17 {main} {"exception":"[object] (Symfony\\Component\\Debug\\Exception\\FatalThrowableError(code: 0): Call to a member function count() on null at C:\\xampp\\htdocs\\ProvaCBM\\app\\Http\\Controllers\\CepController.php:49)
[stacktrace]
#0 [internal function]: App\\Http\\Controllers\\CepController->getCep()
#1 C:\\xampp\\htdocs\\ProvaCBM\\vendor\\illuminate\\container\\BoundMethod.php(32): call_user_func_array()
#2 C:\\xampp\\htdocs\\ProvaCBM\\vendor\\illuminate\\container\\Util.php(36): Illuminate\\Container\\BoundMethod::Illuminate\\Container\\{closure}()
#3 C:\\xampp\\htdocs\\ProvaCBM\\vendor\\illuminate\\container\\BoundMethod.php(90): Illuminate\\Container\\Util::unwrapIfClosure()
#4 C:\\xampp\\htdocs\\ProvaCBM\\vendor\\illuminate\\container\\BoundMethod.php(34): Illuminate\\Container\\BoundMethod::callBoundMethod()
#5 C:\\xampp\\htdocs\\ProvaCBM\\vendor\\illuminate\\container\\Container.php(590): Illuminate\\Container\\BoundMethod::call()
#6 C:\\xampp\\htdocs\\ProvaCBM\\vendor\\laravel\\lumen-framework\\src\\Concerns\\RoutesRequests.php(376): Illuminate\\Container\\Container->call()
#7 C:\\xampp\\htdocs\\ProvaCBM\\vendor\\laravel\\lumen-framework\\src\\Concerns\\RoutesRequests.php(342): Laravel\\Lumen\\Application->callControllerCallable()
#8 C:\\xampp\\htdocs\\ProvaCBM\\vendor\\laravel\\lumen-framework\\src\\Concerns\\RoutesRequests.php(316): Laravel\\Lumen\\Application->callLumenController()
#9 C:\\xampp\\htdocs\\ProvaCBM\\vendor\\laravel\\lumen-framework\\src\\Concerns\\RoutesRequests.php(278): Laravel\\Lumen\\Application->callControllerAction()
#10 C:\\xampp\\htdocs\\ProvaCBM\\vendor\\laravel\\lumen-framework\\src\\Concerns\\RoutesRequests.php(263): Laravel\\Lumen\\Application->callActionOnArrayBasedRoute()
#11 C:\\xampp\\htdocs\\ProvaCBM\\vendor\\laravel\\lumen-framework\\src\\Concerns\\RoutesRequests.php(233): Laravel\\Lumen\\Application->handleFoundRoute()
#12 C:\\xampp\\htdocs\\ProvaCBM\\vendor\\laravel\\lumen-framework\\src\\Concerns\\RoutesRequests.php(169): Laravel\\Lumen\\Application->handleDispatcherResponse()
#13 C:\\xampp\\htdocs\\ProvaCBM\\vendor\\laravel\\lumen-framework\\src\\Concerns\\RoutesRequests.php(416): Laravel\\Lumen\\Application->Laravel\\Lumen\\Concerns\\{closure}()
#14 C:\\xampp\\htdocs\\ProvaCBM\\vendor\\laravel\\lumen-framework\\src\\Concerns\\RoutesRequests.php(171): Laravel\\Lumen\\Application->sendThroughPipeline()
#15 C:\\xampp\\htdocs\\ProvaCBM\\vendor\\laravel\\lumen-framework\\src\\Concerns\\RoutesRequests.php(108): Laravel\\Lumen\\Application->dispatch()
#16 C:\\xampp\\htdocs\\ProvaCBM\\public\\index.php(28): Laravel\\Lumen\\Application->run()
#17 {main}
"} 
[2020-01-08 09:57:31] local.ERROR: ErrorException: Trying to get property 'ID' of non-object in C:\xampp\htdocs\ProvaCBM\app\Http\Controllers\CepController.php:62
Stack trace:
#0 C:\xampp\htdocs\ProvaCBM\app\Http\Controllers\CepController.php(62): Laravel\Lumen\Application->Laravel\Lumen\Concerns\{closure}()
#1 [internal function]: App\Http\Controllers\CepController->getCep()
#2 C:\xampp\htdocs\ProvaCBM\vendor\illuminate\container\BoundMethod.php(32): call_user_func_array()
#3 C:\xampp\htdocs\ProvaCBM\vendor\illuminate\container\Util.php(36): Illuminate\Container\BoundMethod::Illuminate\Container\{closure}()
#4 C:\xampp\htdocs\ProvaCBM\vendor\illuminate\container\BoundMethod.php(90): Illuminate\Container\Util::unwrapIfClosure()
#5 C:\xampp\htdocs\ProvaCBM\vendor\illuminate\container\BoundMethod.php(34): Illuminate\Container\BoundMethod::callBoundMethod()
#6 C:\xampp\htdocs\ProvaCBM\vendor\illuminate\container\Container.php(590): Illuminate\Container\BoundMethod::call()
#7 C:\xampp\htdocs\ProvaCBM\vendor\laravel\lumen-framework\src\Concerns\RoutesRequests.php(376): Illuminate\Container\Container->call()
#8 C:\xampp\htdocs\ProvaCBM\vendor\laravel\lumen-framework\src\Concerns\RoutesRequests.php(342): Laravel\Lumen\Application->callControllerCallable()
#9 C:\xampp\htdocs\ProvaCBM\vendor\laravel\lumen-framework\src\Concerns\RoutesRequests.php(316): Laravel\Lumen\Application->callLumenController()
#10 C:\xampp\htdocs\ProvaCBM\vendor\laravel\lumen-framework\src\Concerns\RoutesRequests.php(278): Laravel\Lumen\Application->callControllerAction()
#11 C:\xampp\htdocs\ProvaCBM\vendor\laravel\lumen-framework\src\Concerns\RoutesRequests.php(263): Laravel\Lumen\Application->callActionOnArrayBasedRoute()
#12 C:\xampp\htdocs\ProvaCBM\vendor\laravel\lumen-framework\src\Concerns\RoutesRequests.php(233): Laravel\Lumen\Application->handleFoundRoute()
#13 C:\xampp\htdocs\ProvaCBM\vendor\laravel\lumen-framework\src\Concerns\RoutesRequests.php(169): Laravel\Lumen\Application->handleDispatcherResponse()
#14 C:\xampp\htdocs\ProvaCBM\vendor\laravel\lumen-framework\src\Concerns\RoutesRequests.php(416): Laravel\Lumen\Application->Laravel\Lumen\Concerns\{closure}()
#15 C:\xampp\htdocs\ProvaCBM\vendor\laravel\lumen-framework\src\Concerns\RoutesRequests.php(171): Laravel\Lumen\Application->sendThroughPipeline()
#16 C:\xampp\htdocs\ProvaCBM\vendor\laravel\lumen-framework\src\Concerns\RoutesRequests.php(108): Laravel\Lumen\Application->dispatch()
#17 C:\xampp\htdocs\ProvaCBM\public\index.php(28): Laravel\Lumen\Application->run()
#18 {main} {"exception":"[object] (ErrorException(code: 0): Trying to get property 'ID' of non-object at C:\\xampp\\htdocs\\ProvaCBM\\app\\Http\\Controllers\\CepController.php:62)
[stacktrace]
#0 C:\\xampp\\htdocs\\ProvaCBM\\app\\Http\\Controllers\\CepController.php(62): Laravel\\Lumen\\Application->Laravel\\Lumen\\Concerns\\{closure}()
#1 [internal function]: App\\Http\\Controllers\\CepController->getCep()
#2 C:\\xampp\\htdocs\\ProvaCBM\\vendor\\illuminate\\container\\BoundMethod.php(32): call_user_func_array()
#3 C:\\xampp\\htdocs\\ProvaCBM\\vendor\\illuminate\\container\\Util.php(36): Illuminate\\Container\\BoundMethod::Illuminate\\Container\\{closure}()
#4 C:\\xampp\\htdocs\\ProvaCBM\\vendor\\illuminate\\container\\BoundMethod.php(90): Illuminate\\Container\\Util::unwrapIfClosure()
#5 C:\\xampp\\htdocs\\ProvaCBM\\vendor\\illuminate\\container\\BoundMethod.php(34): Illuminate\\Container\\BoundMethod::callBoundMethod()
#6 C:\\xampp\\htdocs\\ProvaCBM\\vendor\\illuminate\\container\\Container.php(590): Illuminate\\Container\\BoundMethod::call()
#7 C:\\xampp\\htdocs\\ProvaCBM\\vendor\\laravel\\lumen-framework\\src\\Concerns\\RoutesRequests.php(376): Illuminate\\Container\\Container->call()
#8 C:\\xampp\\htdocs\\ProvaCBM\\vendor\\laravel\\lumen-framework\\src\\Concerns\\RoutesRequests.php(342): Laravel\\Lumen\\Application->callControllerCallable()
#9 C:\\xampp\\htdocs\\ProvaCBM\\vendor\\laravel\\lumen-framework\\src\\Concerns\\RoutesRequests.php(316): Laravel\\Lumen\\Application->callLumenController()
#10 C:\\xampp\\htdocs\\ProvaCBM\\vendor\\laravel\\lumen-framework\\src\\Concerns\\RoutesRequests.php(278): Laravel\\Lumen\\Application->callControllerAction()
#11 C:\\xampp\\htdocs\\ProvaCBM\\vendor\\laravel\\lumen-framework\\src\\Concerns\\RoutesRequests.php(263): Laravel\\Lumen\\Application->callActionOnArrayBasedRoute()
#12 C:\\xampp\\htdocs\\ProvaCBM\\vendor\\laravel\\lumen-framework\\src\\Concerns\\RoutesRequests.php(233): Laravel\\Lumen\\Application->handleFoundRoute()
#13 C:\\xampp\\htdocs\\ProvaCBM\\vendor\\laravel\\lumen-framework\\src\\Concerns\\RoutesRequests.php(169): Laravel\\Lumen\\Application->handleDispatcherResponse()
#14 C:\\xampp\\htdocs\\ProvaCBM\\vendor\\laravel\\lumen-framework\\src\\Concerns\\RoutesRequests.php(416): Laravel\\Lumen\\Application->Laravel\\Lumen\\Concerns\\{closure}()
#15 C:\\xampp\\htdocs\\ProvaCBM\\vendor\\laravel\\lumen-framework\\src\\Concerns\\RoutesRequests.php(171): Laravel\\Lumen\\Application->sendThroughPipeline()
#16 C:\\xampp\\htdocs\\ProvaCBM\\vendor\\laravel\\lumen-framework\\src\\Concerns\\RoutesRequests.php(108): Laravel\\Lumen\\Application->dispatch()
#17 C:\\xampp\\htdocs\\ProvaCBM\\public\\index.php(28): Laravel\\Lumen\\Application->run()
#18 {main}
"} 
[2020-01-08 10:05:20] local.ERROR: ErrorException: Trying to get property 'cep' of non-object in C:\xampp\htdocs\ProvaCBM\app\Http\Controllers\CepController.php:44
Stack trace:
#0 C:\xampp\htdocs\ProvaCBM\app\Http\Controllers\CepController.php(44): Laravel\Lumen\Application->Laravel\Lumen\Concerns\{closure}()
#1 [internal function]: App\Http\Controllers\CepController->getCep()
#2 C:\xampp\htdocs\ProvaCBM\vendor\illuminate\container\BoundMethod.php(32): call_user_func_array()
#3 C:\xampp\htdocs\ProvaCBM\vendor\illuminate\container\Util.php(36): Illuminate\Container\BoundMethod::Illuminate\Container\{closure}()
#4 C:\xampp\htdocs\ProvaCBM\vendor\illuminate\container\BoundMethod.php(90): Illuminate\Container\Util::unwrapIfClosure()
#5 C:\xampp\htdocs\ProvaCBM\vendor\illuminate\container\BoundMethod.php(34): Illuminate\Container\BoundMethod::callBoundMethod()
#6 C:\xampp\htdocs\ProvaCBM\vendor\illuminate\container\Container.php(590): Illuminate\Container\BoundMethod::call()
#7 C:\xampp\htdocs\ProvaCBM\vendor\laravel\lumen-framework\src\Concerns\RoutesRequests.php(376): Illuminate\Container\Container->call()
#8 C:\xampp\htdocs\ProvaCBM\vendor\laravel\lumen-framework\src\Concerns\RoutesRequests.php(342): Laravel\Lumen\Application->callControllerCallable()
#9 C:\xampp\htdocs\ProvaCBM\vendor\laravel\lumen-framework\src\Concerns\RoutesRequests.php(316): Laravel\Lumen\Application->callLumenController()
#10 C:\xampp\htdocs\ProvaCBM\vendor\laravel\lumen-framework\src\Concerns\RoutesRequests.php(278): Laravel\Lumen\Application->callControllerAction()
#11 C:\xampp\htdocs\ProvaCBM\vendor\laravel\lumen-framework\src\Concerns\RoutesRequests.php(263): Laravel\Lumen\Application->callActionOnArrayBasedRoute()
#12 C:\xampp\htdocs\ProvaCBM\vendor\laravel\lumen-framework\src\Concerns\RoutesRequests.php(233): Laravel\Lumen\Application->handleFoundRoute()
#13 C:\xampp\htdocs\ProvaCBM\vendor\laravel\lumen-framework\src\Concerns\RoutesRequests.php(169): Laravel\Lumen\Application->handleDispatcherResponse()
#14 C:\xampp\htdocs\ProvaCBM\vendor\laravel\lumen-framework\src\Concerns\RoutesRequests.php(416): Laravel\Lumen\Application->Laravel\Lumen\Concerns\{closure}()
#15 C:\xampp\htdocs\ProvaCBM\vendor\laravel\lumen-framework\src\Concerns\RoutesRequests.php(171): Laravel\Lumen\Application->sendThroughPipeline()
#16 C:\xampp\htdocs\ProvaCBM\vendor\laravel\lumen-framework\src\Concerns\RoutesRequests.php(108): Laravel\Lumen\Application->dispatch()
#17 C:\xampp\htdocs\ProvaCBM\public\index.php(28): Laravel\Lumen\Application->run()
#18 {main} {"exception":"[object] (ErrorException(code: 0): Trying to get property 'cep' of non-object at C:\\xampp\\htdocs\\ProvaCBM\\app\\Http\\Controllers\\CepController.php:44)
[stacktrace]
#0 C:\\xampp\\htdocs\\ProvaCBM\\app\\Http\\Controllers\\CepController.php(44): Laravel\\Lumen\\Application->Laravel\\Lumen\\Concerns\\{closure}()
#1 [internal function]: App\\Http\\Controllers\\CepController->getCep()
#2 C:\\xampp\\htdocs\\ProvaCBM\\vendor\\illuminate\\container\\BoundMethod.php(32): call_user_func_array()
#3 C:\\xampp\\htdocs\\ProvaCBM\\vendor\\illuminate\\container\\Util.php(36): Illuminate\\Container\\BoundMethod::Illuminate\\Container\\{closure}()
#4 C:\\xampp\\htdocs\\ProvaCBM\\vendor\\illuminate\\container\\BoundMethod.php(90): Illuminate\\Container\\Util::unwrapIfClosure()
#5 C:\\xampp\\htdocs\\ProvaCBM\\vendor\\illuminate\\container\\BoundMethod.php(34): Illuminate\\Container\\BoundMethod::callBoundMethod()
#6 C:\\xampp\\htdocs\\ProvaCBM\\vendor\\illuminate\\container\\Container.php(590): Illuminate\\Container\\BoundMethod::call()
#7 C:\\xampp\\htdocs\\ProvaCBM\\vendor\\laravel\\lumen-framework\\src\\Concerns\\RoutesRequests.php(376): Illuminate\\Container\\Container->call()
#8 C:\\xampp\\htdocs\\ProvaCBM\\vendor\\laravel\\lumen-framework\\src\\Concerns\\RoutesRequests.php(342): Laravel\\Lumen\\Application->callControllerCallable()
#9 C:\\xampp\\htdocs\\ProvaCBM\\vendor\\laravel\\lumen-framework\\src\\Concerns\\RoutesRequests.php(316): Laravel\\Lumen\\Application->callLumenController()
#10 C:\\xampp\\htdocs\\ProvaCBM\\vendor\\laravel\\lumen-framework\\src\\Concerns\\RoutesRequests.php(278): Laravel\\Lumen\\Application->callControllerAction()
#11 C:\\xampp\\htdocs\\ProvaCBM\\vendor\\laravel\\lumen-framework\\src\\Concerns\\RoutesRequests.php(263): Laravel\\Lumen\\Application->callActionOnArrayBasedRoute()
#12 C:\\xampp\\htdocs\\ProvaCBM\\vendor\\laravel\\lumen-framework\\src\\Concerns\\RoutesRequests.php(233): Laravel\\Lumen\\Application->handleFoundRoute()
#13 C:\\xampp\\htdocs\\ProvaCBM\\vendor\\laravel\\lumen-framework\\src\\Concerns\\RoutesRequests.php(169): Laravel\\Lumen\\Application->handleDispatcherResponse()
#14 C:\\xampp\\htdocs\\ProvaCBM\\vendor\\laravel\\lumen-framework\\src\\Concerns\\RoutesRequests.php(416): Laravel\\Lumen\\Application->Laravel\\Lumen\\Concerns\\{closure}()
#15 C:\\xampp\\htdocs\\ProvaCBM\\vendor\\laravel\\lumen-framework\\src\\Concerns\\RoutesRequests.php(171): Laravel\\Lumen\\Application->sendThroughPipeline()
#16 C:\\xampp\\htdocs\\ProvaCBM\\vendor\\laravel\\lumen-framework\\src\\Concerns\\RoutesRequests.php(108): Laravel\\Lumen\\Application->dispatch()
#17 C:\\xampp\\htdocs\\ProvaCBM\\public\\index.php(28): Laravel\\Lumen\\Application->run()
#18 {main}
"} 
[2020-01-08 16:16:21] local.ERROR: BadMethodCallException: Call to undefined method Illuminate\Database\Eloquent\Builder::all() in C:\xampp\htdocs\ProvaCBM\vendor\illuminate\support\Traits\ForwardsCalls.php:50
Stack trace:
#0 C:\xampp\htdocs\ProvaCBM\vendor\illuminate\support\Traits\ForwardsCalls.php(36): Illuminate\Database\Eloquent\Builder::throwBadMethodCallException()
#1 C:\xampp\htdocs\ProvaCBM\vendor\illuminate\database\Eloquent\Builder.php(1353): Illuminate\Database\Eloquent\Builder->forwardCallTo()
#2 C:\xampp\htdocs\ProvaCBM\app\Http\Controllers\EnderecoController.php(31): Illuminate\Database\Eloquent\Builder->__call()
#3 [internal function]: App\Http\Controllers\EnderecoController->getAll()
#4 C:\xampp\htdocs\ProvaCBM\vendor\illuminate\container\BoundMethod.php(32): call_user_func_array()
#5 C:\xampp\htdocs\ProvaCBM\vendor\illuminate\container\Util.php(36): Illuminate\Container\BoundMethod::Illuminate\Container\{closure}()
#6 C:\xampp\htdocs\ProvaCBM\vendor\illuminate\container\BoundMethod.php(90): Illuminate\Container\Util::unwrapIfClosure()
#7 C:\xampp\htdocs\ProvaCBM\vendor\illuminate\container\BoundMethod.php(34): Illuminate\Container\BoundMethod::callBoundMethod()
#8 C:\xampp\htdocs\ProvaCBM\vendor\illuminate\container\Container.php(590): Illuminate\Container\BoundMethod::call()
#9 C:\xampp\htdocs\ProvaCBM\vendor\laravel\lumen-framework\src\Concerns\RoutesRequests.php(376): Illuminate\Container\Container->call()
#10 C:\xampp\htdocs\ProvaCBM\vendor\laravel\lumen-framework\src\Concerns\RoutesRequests.php(342): Laravel\Lumen\Application->callControllerCallable()
#11 C:\xampp\htdocs\ProvaCBM\vendor\laravel\lumen-framework\src\Concerns\RoutesRequests.php(316): Laravel\Lumen\Application->callLumenController()
#12 C:\xampp\htdocs\ProvaCBM\vendor\laravel\lumen-framework\src\Concerns\RoutesRequests.php(278): Laravel\Lumen\Application->callControllerAction()
#13 C:\xampp\htdocs\ProvaCBM\vendor\laravel\lumen-framework\src\Concerns\RoutesRequests.php(263): Laravel\Lumen\Application->callActionOnArrayBasedRoute()
#14 C:\xampp\htdocs\ProvaCBM\vendor\laravel\lumen-framework\src\Concerns\RoutesRequests.php(165): Laravel\Lumen\Application->handleFoundRoute()
#15 C:\xampp\htdocs\ProvaCBM\vendor\laravel\lumen-framework\src\Concerns\RoutesRequests.php(416): Laravel\Lumen\Application->Laravel\Lumen\Concerns\{closure}()
#16 C:\xampp\htdocs\ProvaCBM\vendor\laravel\lumen-framework\src\Concerns\RoutesRequests.php(171): Laravel\Lumen\Application->sendThroughPipeline()
#17 C:\xampp\htdocs\ProvaCBM\vendor\laravel\lumen-framework\src\Concerns\RoutesRequests.php(108): Laravel\Lumen\Application->dispatch()
#18 C:\xampp\htdocs\ProvaCBM\public\index.php(28): Laravel\Lumen\Application->run()
#19 {main} {"exception":"[object] (BadMethodCallException(code: 0): Call to undefined method Illuminate\\Database\\Eloquent\\Builder::all() at C:\\xampp\\htdocs\\ProvaCBM\\vendor\\illuminate\\support\\Traits\\ForwardsCalls.php:50)
[stacktrace]
#0 C:\\xampp\\htdocs\\ProvaCBM\\vendor\\illuminate\\support\\Traits\\ForwardsCalls.php(36): Illuminate\\Database\\Eloquent\\Builder::throwBadMethodCallException()
#1 C:\\xampp\\htdocs\\ProvaCBM\\vendor\\illuminate\\database\\Eloquent\\Builder.php(1353): Illuminate\\Database\\Eloquent\\Builder->forwardCallTo()
#2 C:\\xampp\\htdocs\\ProvaCBM\\app\\Http\\Controllers\\EnderecoController.php(31): Illuminate\\Database\\Eloquent\\Builder->__call()
#3 [internal function]: App\\Http\\Controllers\\EnderecoController->getAll()
#4 C:\\xampp\\htdocs\\ProvaCBM\\vendor\\illuminate\\container\\BoundMethod.php(32): call_user_func_array()
#5 C:\\xampp\\htdocs\\ProvaCBM\\vendor\\illuminate\\container\\Util.php(36): Illuminate\\Container\\BoundMethod::Illuminate\\Container\\{closure}()
#6 C:\\xampp\\htdocs\\ProvaCBM\\vendor\\illuminate\\container\\BoundMethod.php(90): Illuminate\\Container\\Util::unwrapIfClosure()
#7 C:\\xampp\\htdocs\\ProvaCBM\\vendor\\illuminate\\container\\BoundMethod.php(34): Illuminate\\Container\\BoundMethod::callBoundMethod()
#8 C:\\xampp\\htdocs\\ProvaCBM\\vendor\\illuminate\\container\\Container.php(590): Illuminate\\Container\\BoundMethod::call()
#9 C:\\xampp\\htdocs\\ProvaCBM\\vendor\\laravel\\lumen-framework\\src\\Concerns\\RoutesRequests.php(376): Illuminate\\Container\\Container->call()
#10 C:\\xampp\\htdocs\\ProvaCBM\\vendor\\laravel\\lumen-framework\\src\\Concerns\\RoutesRequests.php(342): Laravel\\Lumen\\Application->callControllerCallable()
#11 C:\\xampp\\htdocs\\ProvaCBM\\vendor\\laravel\\lumen-framework\\src\\Concerns\\RoutesRequests.php(316): Laravel\\Lumen\\Application->callLumenController()
#12 C:\\xampp\\htdocs\\ProvaCBM\\vendor\\laravel\\lumen-framework\\src\\Concerns\\RoutesRequests.php(278): Laravel\\Lumen\\Application->callControllerAction()
#13 C:\\xampp\\htdocs\\ProvaCBM\\vendor\\laravel\\lumen-framework\\src\\Concerns\\RoutesRequests.php(263): Laravel\\Lumen\\Application->callActionOnArrayBasedRoute()
#14 C:\\xampp\\htdocs\\ProvaCBM\\vendor\\laravel\\lumen-framework\\src\\Concerns\\RoutesRequests.php(165): Laravel\\Lumen\\Application->handleFoundRoute()
#15 C:\\xampp\\htdocs\\ProvaCBM\\vendor\\laravel\\lumen-framework\\src\\Concerns\\RoutesRequests.php(416): Laravel\\Lumen\\Application->Laravel\\Lumen\\Concerns\\{closure}()
#16 C:\\xampp\\htdocs\\ProvaCBM\\vendor\\laravel\\lumen-framework\\src\\Concerns\\RoutesRequests.php(171): Laravel\\Lumen\\Application->sendThroughPipeline()
#17 C:\\xampp\\htdocs\\ProvaCBM\\vendor\\laravel\\lumen-framework\\src\\Concerns\\RoutesRequests.php(108): Laravel\\Lumen\\Application->dispatch()
#18 C:\\xampp\\htdocs\\ProvaCBM\\public\\index.php(28): Laravel\\Lumen\\Application->run()
#19 {main}
"} 
